<?xml version="1.0" encoding="UTF-8"?>
<!-- Generated by org.testng.reporters.JUnitXMLReporter -->
<testsuite ignored="0" hostname="DESKTOP-U5SUVO0" failures="1" tests="1" name="AddCustomer" time="67.121" errors="0" timestamp="2024-04-18T09:41:19 IST">
  <testcase classname="In.Spectra.Base.BaseClass" name="@AfterMethod logout" time="4.297">
    <failure type="org.openqa.selenium.ElementNotInteractableException" message="Element &amp;lt;p class=&amp;quot;menu-opts text-danger d-flex align-items-center&amp;quot;&amp;gt; could not be scrolled into view
Build info: version: &amp;apos;4.18.1&amp;apos;, revision: &amp;apos;b1d3319b48&amp;apos;
System info: os.name: &amp;apos;Windows 10&amp;apos;, os.arch: &amp;apos;amd64&amp;apos;, os.version: &amp;apos;10.0&amp;apos;, java.version: &amp;apos;17.0.7&amp;apos;
Driver info: org.openqa.selenium.firefox.FirefoxDriver
Command: [85a15135-785a-4baa-95b4-44919d1ce545, clickElement {id=b4a2e196-cecb-49f6-9222-9772f0cf724c}]
Capabilities {acceptInsecureCerts: true, browserName: firefox, browserVersion: 125.0.1, moz:accessibilityChecks: false, moz:buildID: 20240416043247, moz:debuggerAddress: 127.0.0.1:48257, moz:geckodriverVersion: 0.34.0, moz:headless: false, moz:platformVersion: 10.0, moz:processID: 12236, moz:profile: C:\Users\chetan\AppData\Loc..., moz:shutdownTimeout: 60000, moz:webdriverClick: true, moz:windowless: false, pageLoadStrategy: normal, platformName: windows, proxy: Proxy(), se:cdp: ws://127.0.0.1:48257/devtoo..., se:cdpVersion: 85.0, setWindowRect: true, strictFileInteractability: false, timeouts: {implicit: 0, pageLoad: 300000, script: 30000}, unhandledPromptBehavior: dismiss and notify, userAgent: Mozilla/5.0 (Windows NT 10....}
Element: [[FirefoxDriver: firefox on windows (85a15135-785a-4baa-95b4-44919d1ce545)] -&amp;gt; xpath: //p[text()=&amp;apos;Logout&amp;apos;]]
Session ID: 85a15135-785a-4baa-95b4-44919d1ce545">
      <![CDATA[org.openqa.selenium.ElementNotInteractableException: Element <p class="menu-opts text-danger d-flex align-items-center"> could not be scrolled into view
Build info: version: '4.18.1', revision: 'b1d3319b48'
System info: os.name: 'Windows 10', os.arch: 'amd64', os.version: '10.0', java.version: '17.0.7'
Driver info: org.openqa.selenium.firefox.FirefoxDriver
Command: [85a15135-785a-4baa-95b4-44919d1ce545, clickElement {id=b4a2e196-cecb-49f6-9222-9772f0cf724c}]
Capabilities {acceptInsecureCerts: true, browserName: firefox, browserVersion: 125.0.1, moz:accessibilityChecks: false, moz:buildID: 20240416043247, moz:debuggerAddress: 127.0.0.1:48257, moz:geckodriverVersion: 0.34.0, moz:headless: false, moz:platformVersion: 10.0, moz:processID: 12236, moz:profile: C:\Users\chetan\AppData\Loc..., moz:shutdownTimeout: 60000, moz:webdriverClick: true, moz:windowless: false, pageLoadStrategy: normal, platformName: windows, proxy: Proxy(), se:cdp: ws://127.0.0.1:48257/devtoo..., se:cdpVersion: 85.0, setWindowRect: true, strictFileInteractability: false, timeouts: {implicit: 0, pageLoad: 300000, script: 30000}, unhandledPromptBehavior: dismiss and notify, userAgent: Mozilla/5.0 (Windows NT 10....}
Element: [[FirefoxDriver: firefox on windows (85a15135-785a-4baa-95b4-44919d1ce545)] -> xpath: //p[text()='Logout']]
Session ID: 85a15135-785a-4baa-95b4-44919d1ce545
at org.openqa.selenium.remote.ErrorCodec.decode(ErrorCodec.java:167)
at org.openqa.selenium.remote.codec.w3c.W3CHttpResponseCodec.decode(W3CHttpResponseCodec.java:138)
at org.openqa.selenium.remote.codec.w3c.W3CHttpResponseCodec.decode(W3CHttpResponseCodec.java:50)
at org.openqa.selenium.remote.HttpCommandExecutor.execute(HttpCommandExecutor.java:190)
at org.openqa.selenium.remote.service.DriverCommandExecutor.invokeExecute(DriverCommandExecutor.java:216)
at org.openqa.selenium.remote.service.DriverCommandExecutor.execute(DriverCommandExecutor.java:174)
at org.openqa.selenium.remote.RemoteWebDriver.execute(RemoteWebDriver.java:519)
at org.openqa.selenium.remote.RemoteWebElement.execute(RemoteWebElement.java:223)
at org.openqa.selenium.remote.RemoteWebElement.click(RemoteWebElement.java:76)
at org.openqa.selenium.support.pagefactory.internal.LocatingElementHandler.invoke(LocatingElementHandler.java:51)
at jdk.proxy2/jdk.proxy2.$Proxy16.click(Unknown Source)
at In.Spectra.Base.BaseClass.logout(BaseClass.java:65)
at java.base/java.util.ArrayList.forEach(ArrayList.java:1511)
... Removed 41 stack frames]]>
    </failure>
  </testcase> <!-- @AfterMethod logout -->
  <testcase classname="In.Spectra.Base.BaseClass" name="@AfterClass closeApplication" time="0.0">
    <skipped/>
  </testcase> <!-- @AfterClass closeApplication -->
  <testcase classname="In.Spectra.Customer.AddCustomer_001_Test" name="addCustomer" time="43.371">
    <failure type="org.openqa.selenium.NoSuchElementException" message="Unable to locate element: //p[text()=&amp;apos;Customer Created Successfully&amp;apos;]
For documentation on this error, please visit: https://www.selenium.dev/documentation/webdriver/troubleshooting/errors#no-such-element-exception
Build info: version: &amp;apos;4.18.1&amp;apos;, revision: &amp;apos;b1d3319b48&amp;apos;
System info: os.name: &amp;apos;Windows 10&amp;apos;, os.arch: &amp;apos;amd64&amp;apos;, os.version: &amp;apos;10.0&amp;apos;, java.version: &amp;apos;17.0.7&amp;apos;
Driver info: org.openqa.selenium.firefox.FirefoxDriver
Command: [85a15135-785a-4baa-95b4-44919d1ce545, findElement {value=//p[text()=&amp;apos;Customer Created Successfully&amp;apos;], using=xpath}]
Capabilities {acceptInsecureCerts: true, browserName: firefox, browserVersion: 125.0.1, moz:accessibilityChecks: false, moz:buildID: 20240416043247, moz:debuggerAddress: 127.0.0.1:48257, moz:geckodriverVersion: 0.34.0, moz:headless: false, moz:platformVersion: 10.0, moz:processID: 12236, moz:profile: C:\Users\chetan\AppData\Loc..., moz:shutdownTimeout: 60000, moz:webdriverClick: true, moz:windowless: false, pageLoadStrategy: normal, platformName: windows, proxy: Proxy(), se:cdp: ws://127.0.0.1:48257/devtoo..., se:cdpVersion: 85.0, setWindowRect: true, strictFileInteractability: false, timeouts: {implicit: 0, pageLoad: 300000, script: 30000}, unhandledPromptBehavior: dismiss and notify, userAgent: Mozilla/5.0 (Windows NT 10....}
Session ID: 85a15135-785a-4baa-95b4-44919d1ce545">
      <![CDATA[org.openqa.selenium.NoSuchElementException: Unable to locate element: //p[text()='Customer Created Successfully']
For documentation on this error, please visit: https://www.selenium.dev/documentation/webdriver/troubleshooting/errors#no-such-element-exception
Build info: version: '4.18.1', revision: 'b1d3319b48'
System info: os.name: 'Windows 10', os.arch: 'amd64', os.version: '10.0', java.version: '17.0.7'
Driver info: org.openqa.selenium.firefox.FirefoxDriver
Command: [85a15135-785a-4baa-95b4-44919d1ce545, findElement {value=//p[text()='Customer Created Successfully'], using=xpath}]
Capabilities {acceptInsecureCerts: true, browserName: firefox, browserVersion: 125.0.1, moz:accessibilityChecks: false, moz:buildID: 20240416043247, moz:debuggerAddress: 127.0.0.1:48257, moz:geckodriverVersion: 0.34.0, moz:headless: false, moz:platformVersion: 10.0, moz:processID: 12236, moz:profile: C:\Users\chetan\AppData\Loc..., moz:shutdownTimeout: 60000, moz:webdriverClick: true, moz:windowless: false, pageLoadStrategy: normal, platformName: windows, proxy: Proxy(), se:cdp: ws://127.0.0.1:48257/devtoo..., se:cdpVersion: 85.0, setWindowRect: true, strictFileInteractability: false, timeouts: {implicit: 0, pageLoad: 300000, script: 30000}, unhandledPromptBehavior: dismiss and notify, userAgent: Mozilla/5.0 (Windows NT 10....}
Session ID: 85a15135-785a-4baa-95b4-44919d1ce545
at org.openqa.selenium.remote.ErrorCodec.decode(ErrorCodec.java:167)
at org.openqa.selenium.remote.codec.w3c.W3CHttpResponseCodec.decode(W3CHttpResponseCodec.java:138)
at org.openqa.selenium.remote.codec.w3c.W3CHttpResponseCodec.decode(W3CHttpResponseCodec.java:50)
at org.openqa.selenium.remote.HttpCommandExecutor.execute(HttpCommandExecutor.java:190)
at org.openqa.selenium.remote.service.DriverCommandExecutor.invokeExecute(DriverCommandExecutor.java:216)
at org.openqa.selenium.remote.service.DriverCommandExecutor.execute(DriverCommandExecutor.java:174)
at org.openqa.selenium.remote.RemoteWebDriver.execute(RemoteWebDriver.java:519)
at org.openqa.selenium.remote.ElementLocation$ElementFinder$2.findElement(ElementLocation.java:165)
at org.openqa.selenium.remote.ElementLocation.findElement(ElementLocation.java:59)
at org.openqa.selenium.remote.RemoteWebDriver.findElement(RemoteWebDriver.java:356)
at org.openqa.selenium.remote.RemoteWebDriver.findElement(RemoteWebDriver.java:350)
at org.openqa.selenium.support.pagefactory.DefaultElementLocator.findElement(DefaultElementLocator.java:68)
at org.openqa.selenium.support.pagefactory.internal.LocatingElementHandler.invoke(LocatingElementHandler.java:38)
at jdk.proxy2/jdk.proxy2.$Proxy16.isDisplayed(Unknown Source)
at In.Spectra.Customer.AddCustomer_001_Test.addCustomer(AddCustomer_001_Test.java:29)
at java.base/java.util.ArrayList.forEach(ArrayList.java:1511)
... Removed 32 stack frames]]>
    </failure>
  </testcase> <!-- addCustomer -->
</testsuite> <!-- AddCustomer -->
